<?xml version="1.0" encoding="UTF-8"?>
<!-- Generated by org.testng.reporters.JUnitXMLReporter -->
<testsuite ignored="2" hostname="VidyaShekar" failures="0" tests="1" name="Default test" time="1.255" errors="0" timestamp="2023-09-02T13:25:12 SGT">
  <testcase classname="com.restassured.AddResturant1" name="deserializeAndValidateResponse" time="1.225"/>
  <testcase classname="com.restassured.AddResturant1" name="tesAddDishToRestaurant" time="0.0">
    <ignored/>
  </testcase> <!-- tesAddDishToRestaurant -->
  <testcase classname="com.restassured.AddResturant1" name="validateAddDishToCartWithRestAssured" time="0.0">
    <ignored/>
  </testcase> <!-- validateAddDishToCartWithRestAssured -->
</testsuite> <!-- Default test -->
