<?xml version="1.0" encoding="UTF-8"?>
<testng-results ignored="2" total="3" passed="1" failed="0" skipped="0">
  <reporter-output>
  </reporter-output>
  <suite started-at="2023-09-02T13:25:11 SGT" name="Default suite" finished-at="2023-09-02T13:25:12 SGT" duration-ms="1255">
    <groups>
    </groups>
    <test started-at="2023-09-02T13:25:11 SGT" name="Default test" finished-at="2023-09-02T13:25:12 SGT" duration-ms="1255">
      <class name="com.restassured.AddResturant1">
        <test-method signature="deserializeAndValidateResponse()[pri:0, instance:com.restassured.AddResturant1@47d90b9e]" started-at="2023-09-02T13:25:11 SGT" name="deserializeAndValidateResponse" finished-at="2023-09-02T13:25:12 SGT" duration-ms="1225" status="PASS">
          <reporter-output>
          </reporter-output>
        </test-method> <!-- deserializeAndValidateResponse -->
      </class> <!-- com.restassured.AddResturant1 -->
    </test> <!-- Default test -->
  </suite> <!-- Default suite -->
</testng-results>
